C51 COMPILER V8.05a   LEDDON                                                               11/08/2019 15:50:27 PAGE 1   


C51 COMPILER V8.05a, COMPILATION OF MODULE LEDDON
OBJECT MODULE PLACED IN leddon.OBJ
COMPILER INVOKED BY: C:\Keil\C51\BIN\C51.EXE leddon.c BROWSE DEBUG OBJECTEXTEND

line level    source

   1          
   2          // sang lan tu 0 => 7
   3          // tat dan 0 => 7
   4           /*
   5          #include<AT89x52.h>
   6          #include<stdio.h>
   7          #include<math.h>
   8          
   9          unsigned char dl;
  10          void tre(unsigned int tg)
  11          {
  12                  unsigned int i;
  13                  for(i=0;i<tg;i++);
  14          }
  15          void main(void)
  16          {
  17                  int i;
  18                  P0=0xFA;
  19                          dl=0x00;
  20                          while(1)
  21                          {
  22                          for(i=0;i<9;i++)
  23                          {
  24                                  P0=dl;
  25                          
  26                                  dl=dl<<1 | 0x01;
  27                                  tre(20000);
  28                          }
  29                          for(i=0;i<9;i++)
  30                          {
  31                                  P0=dl;
  32                                  //tuy y doi chieu huong sang lan
  33                                  dl=dl<<1;
  34                                  tre(20000);
  35                          }
  36                          }
  37          }
  38          */
  39          
  40          // sang lan dan tu 7 => 0
  41          //tat lan dan tu 7 => 0
  42          
  43          
  44          #include<AT89x52.h>
  45          #include<stdio.h>
  46          #include<math.h>
  47          
  48          unsigned char dl;
  49          void tre(unsigned int tg)
  50          {
  51   1              unsigned int i;
  52   1              for(i=0;i<tg;i++);
  53   1      }
  54          void main(void)
  55          {
C51 COMPILER V8.05a   LEDDON                                                               11/08/2019 15:50:27 PAGE 2   

  56   1              int i;
  57   1              P0=0xFA;
  58   1                      dl=0x00;
  59   1                      while(1)
  60   1                      {
  61   2                      for(i=0;i<9;i++)
  62   2                      {
  63   3                              P0=dl;
  64   3                              // tat dan tu 0.7 ->0.0 => 0x80
  65   3                              //tat dan tu 0.0 -> 0.7 => 0x01
  66   3                              dl=dl>>1 | 0x80;
  67   3                              tre(20000);
  68   3                      }
  69   2                      for(i=0;i<9;i++)
  70   2                      {
  71   3                              P0=dl;
  72   3                              //tuy y doi chieu huong sang lan.
  73   3                              dl=dl>>1;
  74   3                              tre(20000);
  75   3                      }
  76   2                      }
  77   1      }
  78          
  79          
  80          //sang lan tu 2 ben vao giua
  81          
  82          


MODULE INFORMATION:   STATIC OVERLAYABLE
   CODE SIZE        =     87    ----
   CONSTANT SIZE    =   ----    ----
   XDATA SIZE       =   ----    ----
   PDATA SIZE       =   ----    ----
   DATA SIZE        =      1    ----
   IDATA SIZE       =   ----    ----
   BIT SIZE         =   ----    ----
END OF MODULE INFORMATION.


C51 COMPILATION COMPLETE.  0 WARNING(S),  0 ERROR(S)
