C51 COMPILER V8.05a   LED7                                                                 11/16/2019 13:34:54 PAGE 1   


C51 COMPILER V8.05a, COMPILATION OF MODULE LED7
OBJECT MODULE PLACED IN led7.OBJ
COMPILER INVOKED BY: C:\Keil\C51\BIN\C51.EXE led7.c BROWSE DEBUG OBJECTEXTEND

line level    source

   1          #include <AT89x52.h>
   2          #include <stdio.h>
   3          #include <math.h>
   4          
   5          #define DV P2_0
   6          #define CH P2_1
   7          #define TR P2_2
   8          #define NG P2_3
   9          
  10          #define H1 P1_0
  11          #define H2 P1_1
  12          #define H3 P1_2
  13          #define H4 P1_3
  14          
  15          #define C1 P1_7
  16          #define C2 P1_6
  17          #define C3 P1_5
  18          #define C4 P1_4
  19          
  20          
  21          unsigned char dl[10]={0xC0,0xF9,0xA4,0xB0,0x99,0x92,0x82,0xF8,0x80,0x90};
  22          unsigned dv,ch,tr,ng;
  23          unsigned char key;
  24          
  25          void KT(void)
  26          {                                                         
  27   1                H1=0; H2=H3=H4=1;
  28   1                if(!C1) key=1;
  29   1                if(!C2) key=2;
  30   1                if(!C3) key=3;
  31   1                if(!C4) key=10;
  32   1      
  33   1                H1=H3=H4=1; H2=0;
  34   1                if(!C1) key=4;
  35   1                if(!C2) key=5;
  36   1                if(!C3) key=6;
  37   1                if(!C4) key=11;
  38   1      
  39   1                H3=0; H2=H1=H4=1;
  40   1                if(!C1) key=7;
  41   1                if(!C2) key=8;
  42   1                if(!C3) key=9;
  43   1                if(!C4) key=12;
  44   1      
  45   1                H4=0; H2=H3=H1=1;
  46   1                if(!C1) key='*';
  47   1                if(!C2) key=0;
  48   1                if(!C3) key='#';
  49   1                if(!C4) key=13;
  50   1      }
  51          
  52          void delay(int time)
  53          {
  54   1              int i,t;
  55   1              for(i=0;i<time;i++)
C51 COMPILER V8.05a   LED7                                                                 11/16/2019 13:34:54 PAGE 2   

  56   1              {
  57   2                 for(t=0;t<100;t++);
  58   2              }
  59   1      }
  60          void read_led(int i)
  61          {       
  62   1                      ng=i/1000;
  63   1                      tr=(i%1000)/100;
  64   1                      ch=(i%100)/10;
  65   1                      dv=(i%100)%10;
  66   1      
  67   1                      P2=0x01;
  68   1                      P3=dl[dv];
  69   1                      delay(10);
  70   1      
  71   1                      P2=0x02;
  72   1                      P3=dl[ch];
  73   1                      delay(10);
  74   1                      P2=0x04;
  75   1                      P3=dl[tr];
  76   1                      delay(10);
  77   1                      P2=0x08;
  78   1                      P3=dl[ng];
  79   1                      delay(10);
  80   1      }
  81          
  82          void main(void)
  83          {
  84   1              while(1)
  85   1              {
  86   2              KT();
  87   2              if(key==1)
  88   2              {
  89   3              read_led(1);
  90   3              }
  91   2              }
  92   1      }


MODULE INFORMATION:   STATIC OVERLAYABLE
   CODE SIZE        =    343    ----
   CONSTANT SIZE    =   ----    ----
   XDATA SIZE       =   ----    ----
   PDATA SIZE       =   ----    ----
   DATA SIZE        =     19    ----
   IDATA SIZE       =   ----    ----
   BIT SIZE         =   ----    ----
END OF MODULE INFORMATION.


C51 COMPILATION COMPLETE.  0 WARNING(S),  0 ERROR(S)
