C51 COMPILER V8.05a   MATRIX                                                               11/16/2019 13:18:56 PAGE 1   


C51 COMPILER V8.05a, COMPILATION OF MODULE MATRIX
OBJECT MODULE PLACED IN matrix.OBJ
COMPILER INVOKED BY: C:\Keil\C51\BIN\C51.EXE matrix.c BROWSE DEBUG OBJECTEXTEND

line level    source

   1          #include <AT89x52.h>
   2          #include <stdio.h>
   3          #include <math.h>
   4          
   5          #define H1 P1_0
   6          #define H2 P1_1
   7          #define H3 P1_2
   8          #define H4 P1_3
   9          
  10          #define C1 P1_7
  11          #define C2 P1_6
  12          #define C3 P1_5
  13          #define C4 P1_4
  14          
  15          unsigned char key;
  16          unsigned char code_hang[8]={0x01,0x02,0x04,0x08,0x10,0x20,0x40,0x80}; // check cot
  17          
  18          unsigned char code_cot[100]=
  19          {
  20                  0xC3,0x81,0x3C,0x3C,0x3C,0x3C,0x81,0x3C,  //A 
  21                  0xFF,0xE1,0xDD,0xDD,0xC1,0xBD,0xBD,0xC1,  //B  
  22                  0xFF,0xC3,0xBD,0xFD,0xFD,0xFD,0xBD,0xC3,  //C 
  23                  0xFF,0xC1,0xBD,0xBD,0xBD,0xBD,0xBD,0xC1,  //D 
  24              0xFF,0xC1,0xFD,0xFD,0xE1,0xFD,0xFD,0x81,  //E 
  25          
  26          };
  27          void KT(void)
  28          {                                                         
  29   1                H1=0; H2=H3=H4=1;
  30   1                if(!C1) key=1;
  31   1                if(!C2) key=2;
  32   1                if(!C3) key=3;
  33   1                if(!C3) key=10;
  34   1      
  35   1                H1=H3=H4=1; H2=0;
  36   1                if(!C1) key=4;
  37   1                if(!C2) key=5;
  38   1                if(!C3) key=6;
  39   1                if(!C3) key=11;
  40   1      
  41   1                H3=0; H2=H1=H4=1;
  42   1                if(!C1) key=7;
  43   1                if(!C2) key=8;
  44   1                if(!C3) key=9;
  45   1                if(!C3) key=12;
  46   1      
  47   1                H4=0; H2=H3=H1=1;
  48   1                if(!C1) key='*';
  49   1                if(!C2) key=0;
  50   1                if(!C3) key='#';
  51   1                if(!C3) key=13;
  52   1      }
  53          void delay(int time)
  54          {
  55   1              int i;
C51 COMPILER V8.05a   MATRIX                                                               11/16/2019 13:18:56 PAGE 2   

  56   1              for(i=0;i<time;i++);
  57   1      }
  58          
  59          void main(void)
  60          {
  61   1              int i,j;
  62   1              P1=0x00;
  63   1              while(1)
  64   1              {
  65   2                  KT();
  66   2                      if(key==1)
  67   2                      {
  68   3                              for(i=0;i<200;i++)
  69   3                              {
  70   4                                      for(j=0;j<8;j++)
  71   4                                      {
  72   5                                              P2=code_hang[j];
  73   5                                              P3=code_cot[j];
  74   5                                              delay(100);     
  75   5                                      }
  76   4                              }       
  77   3                      }
  78   2              }
  79   1      
  80   1      }


MODULE INFORMATION:   STATIC OVERLAYABLE
   CODE SIZE        =    222    ----
   CONSTANT SIZE    =   ----    ----
   XDATA SIZE       =   ----    ----
   PDATA SIZE       =   ----    ----
   DATA SIZE        =    109    ----
   IDATA SIZE       =   ----    ----
   BIT SIZE         =   ----    ----
END OF MODULE INFORMATION.


C51 COMPILATION COMPLETE.  0 WARNING(S),  0 ERROR(S)
